<?xml version="1.0" encoding="UTF-8"?>
<!-- Generated by org.testng.reporters.JUnitXMLReporter -->
<testsuite ignored="0" hostname="RA-LR2M5KM-L" failures="1" tests="2" name="ChromeTest" time="33.03" errors="0" timestamp="2021-06-21T12:14:21 IST">
  <testcase classname="Test.test1" name="VerifyLoginpage" time="5.339"/>
  <testcase classname="Test.test2" name="LaunchApp" time="22.047">
    <failure type="java.lang.AssertionError" message="null">
      <![CDATA[java.lang.AssertionError: null
at Test.test2.LaunchApp(test2.java:74)
at java.base/java.util.ArrayList.forEach(ArrayList.java:1511)
... Removed 29 stack frames]]>
    </failure>
  </testcase> <!-- LaunchApp -->
</testsuite> <!-- ChromeTest -->
